--------------------------------------------------------------------------------
Release 11.1 Trace  (nt)
Copyright (c) 1995-2009 Xilinx, Inc.  All rights reserved.

D:\Xilinx\11.1\ISE\bin\nt\unwrapped\trce.exe -ise
C:/Documents and Settings/EE314project/EE314project.ise -intstyle ise -v 3 -s 4
-fastpaths -xml adc.twx adc.ncd -o adc.twr adc.pcf

Design file:              adc.ncd
Physical constraint file: adc.pcf
Device,package,speed:     xc3s1200e,fg320,-4 (PRODUCTION 1.27 2009-03-03)
Report level:             verbose report

Environment Variable      Effect 
--------------------      ------ 
NONE                      No environment variables were set
--------------------------------------------------------------------------------

INFO:Timing:2698 - No timing constraints found, doing default enumeration.
INFO:Timing:2752 - To get complete path coverage, use the unconstrained paths 
   option. All paths that are not constrained will be reported in the 
   unconstrained paths section(s) of the report.
INFO:Timing:3339 - The clock-to-out numbers in this timing report are based on 
   a 50 Ohm transmission line loading model.  For the details of this model, 
   and for more information on accounting for different loading conditions, 
   please see the device datasheet.



Data Sheet report:
-----------------
All values displayed in nanoseconds (ns)

Clock MCLK to Pad
------------+------------+------------------+--------+
            | clk (edge) |                  | Clock  |
Destination |   to PAD   |Internal Clock(s) | Phase  |
------------+------------+------------------+--------+
SCLK        |    7.399(R)|MCLK_BUFGP        |   0.000|
------------+------------+------------------+--------+

Clock to Setup on destination clock MCLK
---------------+---------+---------+---------+---------+
               | Src:Rise| Src:Fall| Src:Rise| Src:Fall|
Source Clock   |Dest:Rise|Dest:Rise|Dest:Fall|Dest:Fall|
---------------+---------+---------+---------+---------+
MCLK           |    5.782|         |         |         |
---------------+---------+---------+---------+---------+


Analysis completed Mon Mar 01 10:09:07 2010 
--------------------------------------------------------------------------------

Trace Settings:
-------------------------
Trace Settings 

Peak Memory Usage: 102 MB



